# JRE version: OpenJDK Runtime Environment (17.0.10) (build 17.0.10+0--11609105)
# Java VM: OpenJDK 64-Bit Server VM (17.0.10+0--11609105, mixed mode, tiered, compressed oops, compressed class ptrs, g1 gc, windows-amd64)
GC Precious Log:
 CPUs: 16 total, 16 available
 Memory: 16110M
 Large Page Support: Disabled
 NUMA Support: Disabled
 Compressed Oops: Enabled (32-bit)
 Heap Region Size: 1M
 Heap Min Capacity: 8M
 Heap Initial Capacity: 252M
 Heap Max Capacity: 2G
 Pre-touch: Disabled
 Parallel Workers: 13
 Concurrent Workers: 3
 Concurrent Refinement Workers: 13
 Periodic GC: Disabled
Heap:
 garbage-first heap   total 396288K, used 297912K [0x0000000080000000, 0x0000000100000000)
  region size 1024K, 79 young (80896K), 6 survivors (6144K)
 Metaspace       used 163438K, committed 164416K, reserved 1245184K
  class space    used 22640K, committed 23104K, reserved 1048576K
GC Heap History (20 events):
Event: 8.216 GC heap before
{Heap before GC invocations=36 (full 0):
 garbage-first heap   total 239616K, used 193408K [0x0000000080000000, 0x0000000100000000)
  region size 1024K, 81 young (82944K), 7 survivors (7168K)
 Metaspace       used 108653K, committed 109440K, reserved 1179648K
  class space    used 14877K, committed 15232K, reserved 1048576K
}
Event: 8.221 GC heap after
{Heap after GC invocations=37 (full 0):
 garbage-first heap   total 239616K, used 121684K [0x0000000080000000, 0x0000000100000000)
  region size 1024K, 6 young (6144K), 6 survivors (6144K)
 Metaspace       used 108653K, committed 109440K, reserved 1179648K
  class space    used 14877K, committed 15232K, reserved 1048576K
}
Event: 8.391 GC heap before
{Heap before GC invocations=38 (full 0):
 garbage-first heap   total 242688K, used 194388K [0x0000000080000000, 0x0000000100000000)
  region size 1024K, 78 young (79872K), 6 survivors (6144K)
 Metaspace       used 108693K, committed 109504K, reserved 1179648K
  class space    used 14873K, committed 15232K, reserved 1048576K
}
Event: 8.394 GC heap after
{Heap after GC invocations=39 (full 0):
 garbage-first heap   total 242688K, used 124191K [0x0000000080000000, 0x0000000100000000)
  region size 1024K, 5 young (5120K), 5 survivors (5120K)
 Metaspace       used 108693K, committed 109504K, reserved 1179648K
  class space    used 14873K, committed 15232K, reserved 1048576K
}
Event: 8.411 GC heap before
{Heap before GC invocations=39 (full 0):
 garbage-first heap   total 242688K, used 129311K [0x0000000080000000, 0x0000000100000000)
  region size 1024K, 11 young (11264K), 5 survivors (5120K)
 Metaspace       used 108693K, committed 109504K, reserved 1179648K
  class space    used 14873K, committed 15232K, reserved 1048576K
}
Event: 8.414 GC heap after
{Heap after GC invocations=40 (full 0):
 garbage-first heap   total 242688K, used 122566K [0x0000000080000000, 0x0000000100000000)
  region size 1024K, 2 young (2048K), 2 survivors (2048K)
 Metaspace       used 108693K, committed 109504K, reserved 1179648K
  class space    used 14873K, committed 15232K, reserved 1048576K
}
Event: 8.599 GC heap before
{Heap before GC invocations=40 (full 0):
 garbage-first heap   total 242688K, used 198342K [0x0000000080000000, 0x0000000100000000)
  region size 1024K, 77 young (78848K), 2 survivors (2048K)
 Metaspace       used 109226K, committed 110016K, reserved 1179648K
  class space    used 14957K, committed 15296K, reserved 1048576K
}
Event: 8.605 GC heap after
{Heap after GC invocations=41 (full 0):
 garbage-first heap   total 242688K, used 129277K [0x0000000080000000, 0x0000000100000000)
  region size 1024K, 9 young (9216K), 9 survivors (9216K)
 Metaspace       used 109226K, committed 110016K, reserved 1179648K
  class space    used 14957K, committed 15296K, reserved 1048576K
}
Event: 9.073 GC heap before
{Heap before GC invocations=41 (full 0):
 garbage-first heap   total 242688K, used 196861K [0x0000000080000000, 0x0000000100000000)
  region size 1024K, 76 young (77824K), 9 survivors (9216K)
 Metaspace       used 114562K, committed 115392K, reserved 1179648K
  class space    used 15689K, committed 16128K, reserved 1048576K
}
Event: 9.080 GC heap after
{Heap after GC invocations=42 (full 0):
 garbage-first heap   total 396288K, used 137602K [0x0000000080000000, 0x0000000100000000)
  region size 1024K, 9 young (9216K), 9 survivors (9216K)
 Metaspace       used 114562K, committed 115392K, reserved 1179648K
  class space    used 15689K, committed 16128K, reserved 1048576K
}
Event: 10.453 GC heap before
{Heap before GC invocations=42 (full 0):
 garbage-first heap   total 396288K, used 307586K [0x0000000080000000, 0x0000000100000000)
  region size 1024K, 172 young (176128K), 9 survivors (9216K)
 Metaspace       used 129098K, committed 129984K, reserved 1179648K
  class space    used 17431K, committed 17856K, reserved 1048576K
}
Event: 10.464 GC heap after
{Heap after GC invocations=43 (full 0):
 garbage-first heap   total 396288K, used 158392K [0x0000000080000000, 0x0000000100000000)
  region size 1024K, 22 young (22528K), 22 survivors (22528K)
 Metaspace       used 129098K, committed 129984K, reserved 1179648K
  class space    used 17431K, committed 17856K, reserved 1048576K
}
Event: 11.249 GC heap before
{Heap before GC invocations=43 (full 0):
 garbage-first heap   total 396288K, used 297656K [0x0000000080000000, 0x0000000100000000)
  region size 1024K, 159 young (162816K), 22 survivors (22528K)
 Metaspace       used 133998K, committed 134784K, reserved 1179648K
  class space    used 18132K, committed 18496K, reserved 1048576K
}
Event: 11.260 GC heap after
{Heap after GC invocations=44 (full 0):
 garbage-first heap   total 396288K, used 160754K [0x0000000080000000, 0x0000000100000000)
  region size 1024K, 10 young (10240K), 10 survivors (10240K)
 Metaspace       used 133998K, committed 134784K, reserved 1179648K
  class space    used 18132K, committed 18496K, reserved 1048576K
}
Event: 12.120 GC heap before
{Heap before GC invocations=44 (full 0):
 garbage-first heap   total 396288K, used 306162K [0x0000000080000000, 0x0000000100000000)
  region size 1024K, 151 young (154624K), 10 survivors (10240K)
 Metaspace       used 143824K, committed 144640K, reserved 1179648K
  class space    used 19722K, committed 20096K, reserved 1048576K
}
Event: 12.127 GC heap after
{Heap after GC invocations=45 (full 0):
 garbage-first heap   total 396288K, used 171066K [0x0000000080000000, 0x0000000100000000)
  region size 1024K, 18 young (18432K), 18 survivors (18432K)
 Metaspace       used 143824K, committed 144640K, reserved 1179648K
  class space    used 19722K, committed 20096K, reserved 1048576K
}
Event: 12.648 GC heap before
{Heap before GC invocations=45 (full 0):
 garbage-first heap   total 396288K, used 311354K [0x0000000080000000, 0x0000000100000000)
  region size 1024K, 156 young (159744K), 18 survivors (18432K)
 Metaspace       used 153991K, committed 154880K, reserved 1245184K
  class space    used 21560K, committed 21952K, reserved 1048576K
}
Event: 12.656 GC heap after
{Heap after GC invocations=46 (full 0):
 garbage-first heap   total 396288K, used 177509K [0x0000000080000000, 0x0000000100000000)
  region size 1024K, 8 young (8192K), 8 survivors (8192K)
 Metaspace       used 153991K, committed 154880K, reserved 1245184K
  class space    used 21560K, committed 21952K, reserved 1048576K
}
Event: 13.134 GC heap before
{Heap before GC invocations=46 (full 0):
 garbage-first heap   total 396288K, used 299365K [0x0000000080000000, 0x0000000100000000)
  region size 1024K, 99 young (101376K), 8 survivors (8192K)
 Metaspace       used 158031K, committed 158976K, reserved 1245184K
  class space    used 22095K, committed 22592K, reserved 1048576K
}
Event: 13.139 GC heap after
{Heap after GC invocations=47 (full 0):
 garbage-first heap   total 396288K, used 206776K [0x0000000080000000, 0x0000000100000000)
  region size 1024K, 6 young (6144K), 6 survivors (6144K)
 Metaspace       used 158031K, committed 158976K, reserved 1245184K
  class space    used 22095K, committed 22592K, reserved 1048576K
}

