# JRE version: OpenJDK Runtime Environment (17.0.10) (build 17.0.10+0--11609105)
# Java VM: OpenJDK 64-Bit Server VM (17.0.10+0--11609105, mixed mode, tiered, compressed oops, compressed class ptrs, g1 gc, windows-amd64)
GC Precious Log:
 CPUs: 16 total, 16 available
 Memory: 16110M
 Large Page Support: Disabled
 NUMA Support: Disabled
 Compressed Oops: Enabled (32-bit)
 Heap Region Size: 1M
 Heap Min Capacity: 8M
 Heap Initial Capacity: 252M
 Heap Max Capacity: 2G
 Pre-touch: Disabled
 Parallel Workers: 13
 Concurrent Workers: 3
 Concurrent Refinement Workers: 13
 Periodic GC: Disabled
Heap:
 garbage-first heap   total 236544K, used 149944K [0x0000000080000000, 0x0000000100000000)
  region size 1024K, 30 young (30720K), 6 survivors (6144K)
 Metaspace       used 113008K, committed 113856K, reserved 1179648K
  class space    used 15476K, committed 15872K, reserved 1048576K
GC Heap History (20 events):
Event: 6.493 GC heap before
{Heap before GC invocations=30 (full 0):
 garbage-first heap   total 196608K, used 160332K [0x0000000080000000, 0x0000000100000000)
  region size 1024K, 72 young (73728K), 7 survivors (7168K)
 Metaspace       used 94548K, committed 95232K, reserved 1179648K
  class space    used 13002K, committed 13312K, reserved 1048576K
}
Event: 6.497 GC heap after
{Heap after GC invocations=31 (full 0):
 garbage-first heap   total 196608K, used 96791K [0x0000000080000000, 0x0000000100000000)
  region size 1024K, 6 young (6144K), 6 survivors (6144K)
 Metaspace       used 94548K, committed 95232K, reserved 1179648K
  class space    used 13002K, committed 13312K, reserved 1048576K
}
Event: 6.933 GC heap before
{Heap before GC invocations=31 (full 0):
 garbage-first heap   total 196608K, used 160279K [0x0000000080000000, 0x0000000100000000)
  region size 1024K, 68 young (69632K), 6 survivors (6144K)
 Metaspace       used 99164K, committed 99904K, reserved 1179648K
  class space    used 13707K, committed 14016K, reserved 1048576K
}
Event: 6.938 GC heap after
{Heap after GC invocations=32 (full 0):
 garbage-first heap   total 196608K, used 100230K [0x0000000080000000, 0x0000000100000000)
  region size 1024K, 7 young (7168K), 7 survivors (7168K)
 Metaspace       used 99164K, committed 99904K, reserved 1179648K
  class space    used 13707K, committed 14016K, reserved 1048576K
}
Event: 7.306 GC heap before
{Heap before GC invocations=33 (full 0):
 garbage-first heap   total 196608K, used 161670K [0x0000000080000000, 0x0000000100000000)
  region size 1024K, 68 young (69632K), 7 survivors (7168K)
 Metaspace       used 103576K, committed 104320K, reserved 1179648K
  class space    used 14266K, committed 14592K, reserved 1048576K
}
Event: 7.311 GC heap after
{Heap after GC invocations=34 (full 0):
 garbage-first heap   total 196608K, used 105405K [0x0000000080000000, 0x0000000100000000)
  region size 1024K, 9 young (9216K), 9 survivors (9216K)
 Metaspace       used 103576K, committed 104320K, reserved 1179648K
  class space    used 14266K, committed 14592K, reserved 1048576K
}
Event: 7.316 GC heap before
{Heap before GC invocations=34 (full 0):
 garbage-first heap   total 196608K, used 106429K [0x0000000080000000, 0x0000000100000000)
  region size 1024K, 10 young (10240K), 9 survivors (9216K)
 Metaspace       used 103704K, committed 104512K, reserved 1179648K
  class space    used 14278K, committed 14656K, reserved 1048576K
}
Event: 7.320 GC heap after
{Heap after GC invocations=35 (full 0):
 garbage-first heap   total 196608K, used 104349K [0x0000000080000000, 0x0000000100000000)
  region size 1024K, 2 young (2048K), 2 survivors (2048K)
 Metaspace       used 103704K, committed 104512K, reserved 1179648K
  class space    used 14278K, committed 14656K, reserved 1048576K
}
Event: 7.706 GC heap before
{Heap before GC invocations=35 (full 0):
 garbage-first heap   total 196608K, used 166813K [0x0000000080000000, 0x0000000100000000)
  region size 1024K, 59 young (60416K), 2 survivors (2048K)
 Metaspace       used 107253K, committed 108032K, reserved 1179648K
  class space    used 14725K, committed 15104K, reserved 1048576K
}
Event: 7.712 GC heap after
{Heap after GC invocations=36 (full 0):
 garbage-first heap   total 236544K, used 112554K [0x0000000080000000, 0x0000000100000000)
  region size 1024K, 8 young (8192K), 8 survivors (8192K)
 Metaspace       used 107253K, committed 108032K, reserved 1179648K
  class space    used 14725K, committed 15104K, reserved 1048576K
}
Event: 8.019 GC heap before
{Heap before GC invocations=37 (full 0):
 garbage-first heap   total 236544K, used 188330K [0x0000000080000000, 0x0000000100000000)
  region size 1024K, 82 young (83968K), 8 survivors (8192K)
 Metaspace       used 108031K, committed 108800K, reserved 1179648K
  class space    used 14827K, committed 15168K, reserved 1048576K
}
Event: 8.024 GC heap after
{Heap after GC invocations=38 (full 0):
 garbage-first heap   total 236544K, used 116094K [0x0000000080000000, 0x0000000100000000)
  region size 1024K, 6 young (6144K), 6 survivors (6144K)
 Metaspace       used 108031K, committed 108800K, reserved 1179648K
  class space    used 14827K, committed 15168K, reserved 1048576K
}
Event: 8.030 GC heap before
{Heap before GC invocations=38 (full 0):
 garbage-first heap   total 236544K, used 121214K [0x0000000080000000, 0x0000000100000000)
  region size 1024K, 11 young (11264K), 6 survivors (6144K)
 Metaspace       used 108040K, committed 108800K, reserved 1179648K
  class space    used 14827K, committed 15168K, reserved 1048576K
}
Event: 8.033 GC heap after
{Heap after GC invocations=39 (full 0):
 garbage-first heap   total 236544K, used 115135K [0x0000000080000000, 0x0000000100000000)
  region size 1024K, 2 young (2048K), 2 survivors (2048K)
 Metaspace       used 108040K, committed 108800K, reserved 1179648K
  class space    used 14827K, committed 15168K, reserved 1048576K
}
Event: 8.210 GC heap before
{Heap before GC invocations=39 (full 0):
 garbage-first heap   total 236544K, used 188863K [0x0000000080000000, 0x0000000100000000)
  region size 1024K, 75 young (76800K), 2 survivors (2048K)
 Metaspace       used 108388K, committed 109120K, reserved 1179648K
  class space    used 14865K, committed 15232K, reserved 1048576K
}
Event: 8.214 GC heap after
{Heap after GC invocations=40 (full 0):
 garbage-first heap   total 236544K, used 119383K [0x0000000080000000, 0x0000000100000000)
  region size 1024K, 7 young (7168K), 7 survivors (7168K)
 Metaspace       used 108388K, committed 109120K, reserved 1179648K
  class space    used 14865K, committed 15232K, reserved 1048576K
}
Event: 8.669 GC heap before
{Heap before GC invocations=40 (full 0):
 garbage-first heap   total 236544K, used 190039K [0x0000000080000000, 0x0000000100000000)
  region size 1024K, 77 young (78848K), 7 survivors (7168K)
 Metaspace       used 111717K, committed 112576K, reserved 1179648K
  class space    used 15285K, committed 15680K, reserved 1048576K
}
Event: 8.673 GC heap after
{Heap after GC invocations=41 (full 0):
 garbage-first heap   total 236544K, used 124328K [0x0000000080000000, 0x0000000100000000)
  region size 1024K, 7 young (7168K), 7 survivors (7168K)
 Metaspace       used 111717K, committed 112576K, reserved 1179648K
  class space    used 15285K, committed 15680K, reserved 1048576K
}
Event: 8.760 GC heap before
{Heap before GC invocations=41 (full 0):
 garbage-first heap   total 236544K, used 190888K [0x0000000080000000, 0x0000000100000000)
  region size 1024K, 73 young (74752K), 7 survivors (7168K)
 Metaspace       used 112587K, committed 113472K, reserved 1179648K
  class space    used 15407K, committed 15872K, reserved 1048576K
}
Event: 8.765 GC heap after
{Heap after GC invocations=42 (full 0):
 garbage-first heap   total 236544K, used 127416K [0x0000000080000000, 0x0000000100000000)
  region size 1024K, 6 young (6144K), 6 survivors (6144K)
 Metaspace       used 112587K, committed 113472K, reserved 1179648K
  class space    used 15407K, committed 15872K, reserved 1048576K
}

