# JRE version: OpenJDK Runtime Environment (17.0.10) (build 17.0.10+0--11609105)
# Java VM: OpenJDK 64-Bit Server VM (17.0.10+0--11609105, mixed mode, tiered, compressed oops, compressed class ptrs, g1 gc, windows-amd64)
GC Precious Log:
 CPUs: 16 total, 16 available
 Memory: 16110M
 Large Page Support: Disabled
 NUMA Support: Disabled
 Compressed Oops: Enabled (32-bit)
 Heap Region Size: 1M
 Heap Min Capacity: 8M
 Heap Initial Capacity: 252M
 Heap Max Capacity: 2G
 Pre-touch: Disabled
 Parallel Workers: 13
 Concurrent Workers: 3
 Concurrent Refinement Workers: 13
 Periodic GC: Disabled
Heap:
 garbage-first heap   total 258048K, used 95266K [0x0000000080000000, 0x0000000100000000)
  region size 1024K, 4 young (4096K), 4 survivors (4096K)
 Metaspace       used 94311K, committed 94976K, reserved 1179648K
  class space    used 12990K, committed 13312K, reserved 1048576K
GC Heap History (20 events):
Event: 4.188 GC heap after
{Heap after GC invocations=23 (full 0):
 garbage-first heap   total 138240K, used 69995K [0x0000000080000000, 0x0000000100000000)
  region size 1024K, 1 young (1024K), 1 survivors (1024K)
 Metaspace       used 66896K, committed 67456K, reserved 1114112K
  class space    used 8987K, committed 9216K, reserved 1048576K
}
Event: 4.334 GC heap before
{Heap before GC invocations=23 (full 0):
 garbage-first heap   total 138240K, used 88427K [0x0000000080000000, 0x0000000100000000)
  region size 1024K, 20 young (20480K), 1 survivors (1024K)
 Metaspace       used 69613K, committed 70208K, reserved 1114112K
  class space    used 9354K, committed 9664K, reserved 1048576K
}
Event: 4.335 GC heap after
{Heap after GC invocations=24 (full 0):
 garbage-first heap   total 191488K, used 71756K [0x0000000080000000, 0x0000000100000000)
  region size 1024K, 3 young (3072K), 3 survivors (3072K)
 Metaspace       used 69613K, committed 70208K, reserved 1114112K
  class space    used 9354K, committed 9664K, reserved 1048576K
}
Event: 4.820 GC heap before
{Heap before GC invocations=25 (full 0):
 garbage-first heap   total 191488K, used 153676K [0x0000000080000000, 0x0000000100000000)
  region size 1024K, 78 young (79872K), 3 survivors (3072K)
 Metaspace       used 75150K, committed 75840K, reserved 1179648K
  class space    used 10096K, committed 10432K, reserved 1048576K
}
Event: 4.824 GC heap after
{Heap after GC invocations=26 (full 0):
 garbage-first heap   total 191488K, used 78492K [0x0000000080000000, 0x0000000100000000)
  region size 1024K, 8 young (8192K), 8 survivors (8192K)
 Metaspace       used 75150K, committed 75840K, reserved 1179648K
  class space    used 10096K, committed 10432K, reserved 1048576K
}
Event: 4.832 GC heap before
{Heap before GC invocations=26 (full 0):
 garbage-first heap   total 191488K, used 79516K [0x0000000080000000, 0x0000000100000000)
  region size 1024K, 9 young (9216K), 8 survivors (8192K)
 Metaspace       used 75269K, committed 75904K, reserved 1179648K
  class space    used 10116K, committed 10432K, reserved 1048576K
}
Event: 4.835 GC heap after
{Heap after GC invocations=27 (full 0):
 garbage-first heap   total 191488K, used 78947K [0x0000000080000000, 0x0000000100000000)
  region size 1024K, 1 young (1024K), 1 survivors (1024K)
 Metaspace       used 75269K, committed 75904K, reserved 1179648K
  class space    used 10116K, committed 10432K, reserved 1048576K
}
Event: 4.851 GC heap before
{Heap before GC invocations=27 (full 0):
 garbage-first heap   total 191488K, used 79971K [0x0000000080000000, 0x0000000100000000)
  region size 1024K, 3 young (3072K), 1 survivors (1024K)
 Metaspace       used 75428K, committed 76032K, reserved 1179648K
  class space    used 10132K, committed 10432K, reserved 1048576K
}
Event: 4.852 GC heap after
{Heap after GC invocations=28 (full 0):
 garbage-first heap   total 191488K, used 78245K [0x0000000080000000, 0x0000000100000000)
  region size 1024K, 1 young (1024K), 1 survivors (1024K)
 Metaspace       used 75428K, committed 76032K, reserved 1179648K
  class space    used 10132K, committed 10432K, reserved 1048576K
}
Event: 5.256 GC heap before
{Heap before GC invocations=29 (full 0):
 garbage-first heap   total 191488K, used 152997K [0x0000000080000000, 0x0000000100000000)
  region size 1024K, 70 young (71680K), 1 survivors (1024K)
 Metaspace       used 81766K, committed 82432K, reserved 1179648K
  class space    used 11024K, committed 11328K, reserved 1048576K
}
Event: 5.259 GC heap after
{Heap after GC invocations=30 (full 0):
 garbage-first heap   total 191488K, used 85554K [0x0000000080000000, 0x0000000100000000)
  region size 1024K, 4 young (4096K), 4 survivors (4096K)
 Metaspace       used 81766K, committed 82432K, reserved 1179648K
  class space    used 11024K, committed 11328K, reserved 1048576K
}
Event: 5.286 GC heap before
{Heap before GC invocations=30 (full 0):
 garbage-first heap   total 191488K, used 90674K [0x0000000080000000, 0x0000000100000000)
  region size 1024K, 9 young (9216K), 4 survivors (4096K)
 Metaspace       used 81931K, committed 82560K, reserved 1179648K
  class space    used 11048K, committed 11328K, reserved 1048576K
}
Event: 5.288 GC heap after
{Heap after GC invocations=31 (full 0):
 garbage-first heap   total 191488K, used 86183K [0x0000000080000000, 0x0000000100000000)
  region size 1024K, 1 young (1024K), 1 survivors (1024K)
 Metaspace       used 81931K, committed 82560K, reserved 1179648K
  class space    used 11048K, committed 11328K, reserved 1048576K
}
Event: 5.578 GC heap before
{Heap before GC invocations=31 (full 0):
 garbage-first heap   total 191488K, used 153767K [0x0000000080000000, 0x0000000100000000)
  region size 1024K, 67 young (68608K), 1 survivors (1024K)
 Metaspace       used 84915K, committed 85568K, reserved 1179648K
  class space    used 11449K, committed 11776K, reserved 1048576K
}
Event: 5.581 GC heap after
{Heap after GC invocations=32 (full 0):
 garbage-first heap   total 191488K, used 90353K [0x0000000080000000, 0x0000000100000000)
  region size 1024K, 5 young (5120K), 5 survivors (5120K)
 Metaspace       used 84915K, committed 85568K, reserved 1179648K
  class space    used 11449K, committed 11776K, reserved 1048576K
}
Event: 5.917 GC heap before
{Heap before GC invocations=33 (full 0):
 garbage-first heap   total 191488K, used 156913K [0x0000000080000000, 0x0000000100000000)
  region size 1024K, 69 young (70656K), 5 survivors (5120K)
 Metaspace       used 89788K, committed 90496K, reserved 1179648K
  class space    used 12289K, committed 12608K, reserved 1048576K
}
Event: 5.919 GC heap after
{Heap after GC invocations=34 (full 0):
 garbage-first heap   total 191488K, used 92678K [0x0000000080000000, 0x0000000100000000)
  region size 1024K, 7 young (7168K), 7 survivors (7168K)
 Metaspace       used 89788K, committed 90496K, reserved 1179648K
  class space    used 12289K, committed 12608K, reserved 1048576K
}
Event: 5.931 GC heap before
{Heap before GC invocations=34 (full 0):
 garbage-first heap   total 191488K, used 94726K [0x0000000080000000, 0x0000000100000000)
  region size 1024K, 9 young (9216K), 7 survivors (7168K)
 Metaspace       used 89913K, committed 90624K, reserved 1179648K
  class space    used 12323K, committed 12672K, reserved 1048576K
}
Event: 5.934 GC heap after
{Heap after GC invocations=35 (full 0):
 garbage-first heap   total 191488K, used 92761K [0x0000000080000000, 0x0000000100000000)
  region size 1024K, 1 young (1024K), 1 survivors (1024K)
 Metaspace       used 89913K, committed 90624K, reserved 1179648K
  class space    used 12323K, committed 12672K, reserved 1048576K
}
Event: 6.356 GC heap before
{Heap before GC invocations=35 (full 0):
 garbage-first heap   total 191488K, used 158297K [0x0000000080000000, 0x0000000100000000)
  region size 1024K, 65 young (66560K), 1 survivors (1024K)
 Metaspace       used 94311K, committed 94976K, reserved 1179648K
  class space    used 12990K, committed 13312K, reserved 1048576K
}

